{"level":"info","MSI":"","method":"GET","path":"/api/v1/layout/rol","ip":"::1","latency":469.9978,"status":200,"time":"2024-07-14T08:09:07.81958"}
{"level":"info","MSI":"","method":"GET","path":"/api/v1/layout/stations","ip":"::1","latency":472.7212,"status":200,"time":"2024-07-14T08:09:07.820287"}
{"level":"info","MSI":"","method":"GET","path":"/api/v1/layout/unit","ip":"::1","latency":473.8525,"status":200,"time":"2024-07-14T08:09:07.820287"}
{"level":"info","MSI":"","method":"GET","path":"/api/v1/layout/user","ip":"::1","latency":476.226,"status":200,"time":"2024-07-14T08:09:07.820793"}
{"level":"info","MSI":"","method":"GET","path":"/api/v1/layout/rol","ip":"::1","latency":0.5249,"status":200,"time":"2024-07-14T08:09:07.824615"}
{"level":"info","MSI":"","method":"GET","path":"/api/v1/layout/stations","ip":"::1","latency":2.9758,"status":200,"time":"2024-07-14T08:09:07.826257"}
{"level":"info","MSI":"","method":"GET","path":"/api/v1/layout/unit","ip":"::1","latency":2.1667,"status":200,"time":"2024-07-14T08:09:07.826257"}
{"level":"info","MSI":"","method":"GET","path":"/api/v1/layout/user","ip":"::1","latency":4.8625,"status":200,"time":"2024-07-14T08:09:07.827322"}
{"level":"info","MSI":"","method":"OPTIONS","path":"/api/v1/auth/login","ip":"::1","latency":0,"status":204,"time":"2024-07-14T08:09:14.399055"}
{"level":"info","MSI":"","method":"POST","path":"/api/v1/auth/login","ip":"::1","latency":607.824,"status":400,"time":"2024-07-14T08:09:15.008585"}
{"level":"info","MSI":"","method":"GET","path":"/api/v1/layout/user","ip":"::1","latency":4.3742,"status":200,"time":"2024-07-14T08:11:08.403914"}
{"level":"info","MSI":"","method":"GET","path":"/api/v1/layout/unit","ip":"::1","latency":2.1761,"status":200,"time":"2024-07-14T08:11:08.403914"}
{"level":"info","MSI":"","method":"GET","path":"/api/v1/layout/rol","ip":"::1","latency":2.1761,"status":200,"time":"2024-07-14T08:11:08.403914"}
{"level":"info","MSI":"","method":"GET","path":"/api/v1/layout/stations","ip":"::1","latency":2.8114,"status":200,"time":"2024-07-14T08:11:08.404549"}
{"level":"info","MSI":"","method":"GET","path":"/api/v1/layout/rol","ip":"::1","latency":1.0858,"status":200,"time":"2024-07-14T08:11:08.407036"}
{"level":"info","MSI":"","method":"GET","path":"/api/v1/layout/unit","ip":"::1","latency":2.4238,"status":200,"time":"2024-07-14T08:11:08.408952"}
{"level":"info","MSI":"","method":"GET","path":"/api/v1/layout/stations","ip":"::1","latency":1.5681,"status":200,"time":"2024-07-14T08:11:08.408952"}
{"level":"info","MSI":"","method":"GET","path":"/api/v1/layout/user","ip":"::1","latency":5.7211,"status":200,"time":"2024-07-14T08:11:08.410775"}
{"level":"info","MSI":"","method":"POST","path":"/api/v1/auth/login","ip":"::1","latency":20.5695,"status":400,"time":"2024-07-14T08:11:36.260601"}
{"level":"info","MSI":"","method":"GET","path":"/api/v1/layout/unit","ip":"::1","latency":2.5307,"status":200,"time":"2024-07-14T08:12:22.756478"}
{"level":"info","MSI":"","method":"GET","path":"/api/v1/layout/user","ip":"::1","latency":5.086,"status":200,"time":"2024-07-14T08:12:22.757514"}
{"level":"info","MSI":"","method":"GET","path":"/api/v1/layout/stations","ip":"::1","latency":2.9527,"status":200,"time":"2024-07-14T08:12:22.758052"}
{"level":"info","MSI":"","method":"GET","path":"/api/v1/layout/rol","ip":"::1","latency":2.2612,"status":200,"time":"2024-07-14T08:12:22.758597"}
{"level":"info","MSI":"","method":"GET","path":"/api/v1/layout/rol","ip":"::1","latency":0.5083,"status":200,"time":"2024-07-14T08:12:22.763697"}
{"level":"info","MSI":"","method":"GET","path":"/api/v1/layout/unit","ip":"::1","latency":2.2,"status":200,"time":"2024-07-14T08:12:22.765389"}
{"level":"info","MSI":"","method":"GET","path":"/api/v1/layout/stations","ip":"::1","latency":2.2,"status":200,"time":"2024-07-14T08:12:22.765389"}
{"level":"info","MSI":"","method":"GET","path":"/api/v1/layout/user","ip":"::1","latency":6.3082,"status":200,"time":"2024-07-14T08:12:22.769025"}
{"level":"info","MSI":"","method":"OPTIONS","path":"/api/v1/auth/login","ip":"::1","latency":0,"status":204,"time":"2024-07-14T08:12:22.787378"}
{"level":"info","MSI":"","method":"PUT","path":"/api/v1/auth/login","ip":"::1","latency":18.8906,"status":400,"time":"2024-07-14T08:12:22.808889"}
{"level":"info","MSI":"","method":"PUT","path":"/api/v1/auth/login","ip":"::1","latency":41.2907,"status":400,"time":"2024-07-14T08:12:22.831796"}
{"level":"info","MSI":"","method":"POST","path":"/api/v1/auth/login","ip":"::1","latency":5.2742,"status":400,"time":"2024-07-14T08:12:27.811952"}
{"level":"info","MSI":"","method":"POST","path":"/api/v1/auth/login","ip":"::1","latency":4.9653,"status":400,"time":"2024-07-14T08:12:58.849676"}
{"level":"info","MSI":"","method":"POST","path":"/api/v1/auth/login","ip":"::1","latency":6.184,"status":400,"time":"2024-07-14T08:13:48.756618"}
{"level":"info","MSI":"","method":"POST","path":"/api/v1/auth/login","ip":"::1","latency":21060.3012,"status":400,"time":"2024-07-14T08:15:50.340488"}
{"level":"info","MSI":"","method":"POST","path":"/api/v1/auth/login","ip":"::1","latency":847.2146,"status":400,"time":"2024-07-14T08:16:16.565782"}
{"level":"info","MSI":"","method":"GET","path":"/api/v1/layout/stations","ip":"::1","latency":85.021,"status":200,"time":"2024-07-14T08:18:36.184956"}
{"level":"info","MSI":"","method":"GET","path":"/api/v1/layout/user","ip":"::1","latency":92.0632,"status":200,"time":"2024-07-14T08:18:36.186534"}
{"level":"info","MSI":"","method":"GET","path":"/api/v1/layout/rol","ip":"::1","latency":87.1562,"status":200,"time":"2024-07-14T08:18:36.188211"}
{"level":"info","MSI":"","method":"GET","path":"/api/v1/layout/stations","ip":"::1","latency":2.1841,"status":200,"time":"2024-07-14T08:18:36.188718"}
{"level":"info","MSI":"","method":"GET","path":"/api/v1/layout/unit","ip":"::1","latency":92.8798,"status":200,"time":"2024-07-14T08:18:36.188924"}
{"level":"info","MSI":"","method":"GET","path":"/api/v1/layout/user","ip":"::1","latency":6.0585,"status":200,"time":"2024-07-14T08:18:36.193122"}
{"level":"info","MSI":"","method":"GET","path":"/api/v1/layout/rol","ip":"::1","latency":1.4738,"status":200,"time":"2024-07-14T08:18:36.193122"}
{"level":"info","MSI":"","method":"GET","path":"/api/v1/layout/unit","ip":"::1","latency":2.0101,"status":200,"time":"2024-07-14T08:18:36.193658"}
{"level":"info","MSI":"","method":"POST","path":"/api/v1/auth/login","ip":"::1","latency":2188.9733,"status":200,"time":"2024-07-14T08:18:46.753422"}
{"level":"info","MSI":"","method":"GET","path":"/api/v1/user/1021","ip":"::1","latency":406.7418,"status":200,"time":"2024-07-14T08:18:47.204777"}
{"level":"info","MSI":"","method":"GET","path":"/api/v1/user/1021","ip":"::1","latency":417.2115,"status":200,"time":"2024-07-14T08:18:47.204777"}
{"level":"info","MSI":"","method":"GET","path":"/api/v1/role/1","ip":"::1","latency":35.0339,"status":200,"time":"2024-07-14T08:18:47.243357"}
{"level":"info","MSI":"","method":"GET","path":"/api/v1/user/all","ip":"::1","latency":142.6611,"status":200,"time":"2024-07-14T08:18:53.888525"}
{"level":"info","MSI":"","method":"GET","path":"/api/v1/user/all","ip":"::1","latency":138.7536,"status":200,"time":"2024-07-14T08:18:53.899045"}
{"level":"info","MSI":"","method":"GET","path":"/api/v1/layout/rol","ip":"::1","latency":83.6536,"status":200,"time":"2024-07-14T08:50:00.348809"}
{"level":"info","MSI":"","method":"GET","path":"/api/v1/layout/unit","ip":"::1","latency":90.5786,"status":200,"time":"2024-07-14T08:50:00.35164"}
{"level":"info","MSI":"","method":"GET","path":"/api/v1/layout/rol","ip":"::1","latency":1.7914,"status":200,"time":"2024-07-14T08:50:00.352461"}
{"level":"info","MSI":"","method":"GET","path":"/api/v1/layout/stations","ip":"::1","latency":89.1451,"status":200,"time":"2024-07-14T08:50:00.353092"}
{"level":"info","MSI":"","method":"GET","path":"/api/v1/layout/unit","ip":"::1","latency":1.6736,"status":200,"time":"2024-07-14T08:50:00.355273"}
{"level":"info","MSI":"","method":"GET","path":"/api/v1/layout/stations","ip":"::1","latency":1.7328,"status":200,"time":"2024-07-14T08:50:00.355949"}
{"level":"info","MSI":"","method":"GET","path":"/api/v1/layout/user","ip":"::1","latency":105.7422,"status":200,"time":"2024-07-14T08:50:00.365764"}
{"level":"info","MSI":"","method":"GET","path":"/api/v1/layout/user","ip":"::1","latency":2.1415,"status":200,"time":"2024-07-14T08:50:00.368957"}
{"level":"info","MSI":"","method":"PUT","path":"/api/v1/auth/login","ip":"::1","latency":30.27,"status":400,"time":"2024-07-14T08:50:00.408746"}
{"level":"info","MSI":"","method":"PUT","path":"/api/v1/auth/login","ip":"::1","latency":30.4404,"status":400,"time":"2024-07-14T08:50:00.409979"}
{"level":"info","MSI":"","method":"GET","path":"/api/v1/layout/unit","ip":"::1","latency":3.107,"status":200,"time":"2024-07-14T08:50:56.814925"}
{"level":"info","MSI":"","method":"GET","path":"/api/v1/layout/rol","ip":"::1","latency":3.2645,"status":200,"time":"2024-07-14T08:50:56.817141"}
{"level":"info","MSI":"","method":"GET","path":"/api/v1/layout/stations","ip":"::1","latency":4.6232,"status":200,"time":"2024-07-14T08:50:56.8185"}
{"level":"info","MSI":"","method":"GET","path":"/api/v1/layout/user","ip":"::1","latency":7.258,"status":200,"time":"2024-07-14T08:50:56.818564"}
{"level":"info","MSI":"","method":"GET","path":"/api/v1/layout/unit","ip":"::1","latency":1.1197,"status":200,"time":"2024-07-14T08:50:56.820938"}
{"level":"info","MSI":"","method":"GET","path":"/api/v1/layout/rol","ip":"::1","latency":1.5321,"status":200,"time":"2024-07-14T08:50:56.822993"}
{"level":"info","MSI":"","method":"GET","path":"/api/v1/layout/stations","ip":"::1","latency":2.2474,"status":200,"time":"2024-07-14T08:50:56.824232"}
{"level":"info","MSI":"","method":"GET","path":"/api/v1/layout/user","ip":"::1","latency":4.9963,"status":200,"time":"2024-07-14T08:50:56.826966"}
{"level":"info","MSI":"","method":"OPTIONS","path":"/api/v1/auth/login","ip":"::1","latency":0,"status":204,"time":"2024-07-14T08:51:04.268454"}
{"level":"info","MSI":"","method":"POST","path":"/api/v1/auth/login","ip":"::1","latency":40.2987,"status":200,"time":"2024-07-14T08:51:04.310143"}
{"level":"info","MSI":"","method":"GET","path":"/api/v1/user/1021","ip":"::1","latency":11.3755,"status":200,"time":"2024-07-14T08:51:04.338778"}
{"level":"info","MSI":"","method":"GET","path":"/api/v1/user/1021","ip":"::1","latency":7.1279,"status":200,"time":"2024-07-14T08:51:04.341172"}
{"level":"info","MSI":"","method":"GET","path":"/api/v1/role/1","ip":"::1","latency":5.1015,"status":200,"time":"2024-07-14T08:51:04.350281"}
{"level":"info","MSI":"","method":"GET","path":"/api/v1/user/all","ip":"::1","latency":163.0499,"status":200,"time":"2024-07-14T08:51:21.339181"}
{"level":"info","MSI":"","method":"GET","path":"/api/v1/user/all","ip":"::1","latency":150.547,"status":200,"time":"2024-07-14T08:51:21.341183"}
{"level":"info","MSI":"","method":"POST","path":"/api/v1/auth/login","ip":"::1","latency":42.5949,"status":200,"time":"2024-07-14T08:52:03.048653"}
{"level":"info","MSI":"","method":"GET","path":"/api/v1/user/1021","ip":"::1","latency":6.8675,"status":200,"time":"2024-07-14T08:52:03.080095"}
{"level":"info","MSI":"","method":"GET","path":"/api/v1/role/1","ip":"::1","latency":2.412,"status":200,"time":"2024-07-14T08:52:03.086753"}
{"level":"info","MSI":"","method":"POST","path":"/api/v1/auth/logout","ip":"::1","latency":79.7739,"status":200,"time":"2024-07-14T08:52:35.378981"}
{"level":"info","MSI":"","method":"GET","path":"/api/v1/layout/unit","ip":"::1","latency":3.3673,"status":200,"time":"2024-07-14T09:06:15.667808"}
{"level":"info","MSI":"","method":"GET","path":"/api/v1/layout/user","ip":"::1","latency":4.5804,"status":200,"time":"2024-07-14T09:06:15.667808"}
{"level":"info","MSI":"","method":"GET","path":"/api/v1/layout/stations","ip":"::1","latency":2.8598,"status":200,"time":"2024-07-14T09:06:15.668452"}
{"level":"info","MSI":"","method":"GET","path":"/api/v1/layout/rol","ip":"::1","latency":2.2867,"status":200,"time":"2024-07-14T09:06:15.66896"}
{"level":"info","MSI":"","method":"GET","path":"/api/v1/layout/unit","ip":"::1","latency":1.6122,"status":200,"time":"2024-07-14T09:06:15.673304"}
{"level":"info","MSI":"","method":"GET","path":"/api/v1/layout/user","ip":"::1","latency":2.1443,"status":200,"time":"2024-07-14T09:06:15.673836"}
{"level":"info","MSI":"","method":"GET","path":"/api/v1/layout/stations","ip":"::1","latency":1.0488,"status":200,"time":"2024-07-14T09:06:15.675419"}
{"level":"info","MSI":"","method":"GET","path":"/api/v1/layout/rol","ip":"::1","latency":0.5308,"status":200,"time":"2024-07-14T09:06:15.67734"}
{"level":"info","MSI":"","method":"GET","path":"/api/v1/user/1021","ip":"::1","latency":1.5125,"status":200,"time":"2024-07-14T09:06:15.719585"}
{"level":"info","MSI":"","method":"GET","path":"/api/v1/user/1021","ip":"::1","latency":2.1756,"status":200,"time":"2024-07-14T09:06:15.723555"}
{"level":"info","MSI":"","method":"GET","path":"/api/v1/role/1","ip":"::1","latency":2.0831,"status":200,"time":"2024-07-14T09:06:15.72944"}
{"level":"info","MSI":"","method":"GET","path":"/api/v1/user/all","ip":"::1","latency":133.545,"status":200,"time":"2024-07-14T09:06:19.275962"}
{"level":"info","MSI":"","method":"GET","path":"/api/v1/user/all","ip":"::1","latency":133.3259,"status":200,"time":"2024-07-14T09:06:19.287505"}
{"level":"info","MSI":"","method":"POST","path":"/api/v1/auth/logout","ip":"::1","latency":52.5294,"status":200,"time":"2024-07-14T09:06:23.275431"}
{"level":"info","MSI":"","method":"GET","path":"/api/v1/layout/stations","ip":"::1","latency":3.1116,"status":200,"time":"2024-07-14T09:09:47.995381"}
{"level":"info","MSI":"","method":"GET","path":"/api/v1/layout/rol","ip":"::1","latency":3.6175,"status":200,"time":"2024-07-14T09:09:47.995887"}
{"level":"info","MSI":"","method":"GET","path":"/api/v1/layout/unit","ip":"::1","latency":4.1472,"status":200,"time":"2024-07-14T09:09:47.996416"}
{"level":"info","MSI":"","method":"GET","path":"/api/v1/layout/user","ip":"::1","latency":10.6393,"status":200,"time":"2024-07-14T09:09:48.002908"}
{"level":"info","MSI":"","method":"GET","path":"/api/v1/layout/rol","ip":"::1","latency":1.1157,"status":200,"time":"2024-07-14T09:09:48.005564"}
{"level":"info","MSI":"","method":"GET","path":"/api/v1/layout/unit","ip":"::1","latency":1.6217,"status":200,"time":"2024-07-14T09:09:48.00607"}
{"level":"info","MSI":"","method":"GET","path":"/api/v1/layout/stations","ip":"::1","latency":2.1494,"status":200,"time":"2024-07-14T09:09:48.006598"}
{"level":"info","MSI":"","method":"GET","path":"/api/v1/layout/user","ip":"::1","latency":2.1021,"status":200,"time":"2024-07-14T09:09:48.007666"}
{"level":"info","MSI":"","method":"POST","path":"/api/v1/auth/login","ip":"::1","latency":79.6057,"status":400,"time":"2024-07-14T09:16:27.402775"}
{"level":"info","MSI":"","method":"GET","path":"/api/v1/layout/user","ip":"::1","latency":5.271,"status":200,"time":"2024-07-14T09:32:07.986757"}
{"level":"info","MSI":"","method":"GET","path":"/api/v1/layout/unit","ip":"::1","latency":4.022,"status":200,"time":"2024-07-14T09:32:07.987616"}
{"level":"info","MSI":"","method":"GET","path":"/api/v1/layout/stations","ip":"::1","latency":1.0333,"status":200,"time":"2024-07-14T09:32:07.988649"}
{"level":"info","MSI":"","method":"GET","path":"/api/v1/layout/rol","ip":"::1","latency":1.5336,"status":200,"time":"2024-07-14T09:32:07.989657"}
{"level":"info","MSI":"","method":"GET","path":"/api/v1/layout/unit","ip":"::1","latency":1.5401,"status":200,"time":"2024-07-14T09:32:07.992723"}
{"level":"info","MSI":"","method":"GET","path":"/api/v1/layout/user","ip":"::1","latency":3.2012,"status":200,"time":"2024-07-14T09:32:07.993371"}
{"level":"info","MSI":"","method":"GET","path":"/api/v1/layout/rol","ip":"::1","latency":1.5911,"status":200,"time":"2024-07-14T09:32:07.995714"}
{"level":"info","MSI":"","method":"GET","path":"/api/v1/layout/stations","ip":"::1","latency":1.8123,"status":200,"time":"2024-07-14T09:32:07.995714"}
{"level":"info","MSI":"","method":"GET","path":"/api/v1/layout/unit","ip":"::1","latency":1.7747,"status":200,"time":"2024-07-14T09:32:44.872521"}
{"level":"info","MSI":"","method":"GET","path":"/api/v1/layout/stations","ip":"::1","latency":1.775,"status":200,"time":"2024-07-14T09:32:44.873026"}
{"level":"info","MSI":"","method":"GET","path":"/api/v1/layout/rol","ip":"::1","latency":1.775,"status":200,"time":"2024-07-14T09:32:44.873026"}
{"level":"info","MSI":"","method":"GET","path":"/api/v1/layout/user","ip":"::1","latency":3.6226,"status":200,"time":"2024-07-14T09:32:44.873551"}
{"level":"info","MSI":"","method":"GET","path":"/api/v1/layout/unit","ip":"::1","latency":1.5576,"status":200,"time":"2024-07-14T09:32:44.875636"}
{"level":"info","MSI":"","method":"GET","path":"/api/v1/layout/stations","ip":"::1","latency":1.5162,"status":200,"time":"2024-07-14T09:32:44.877564"}
{"level":"info","MSI":"","method":"GET","path":"/api/v1/layout/user","ip":"::1","latency":2.3754,"status":200,"time":"2024-07-14T09:32:44.878423"}
{"level":"info","MSI":"","method":"GET","path":"/api/v1/layout/rol","ip":"::1","latency":1.0716,"status":200,"time":"2024-07-14T09:32:44.880042"}
{"level":"info","MSI":"","method":"GET","path":"/api/v1/layout/unit","ip":"::1","latency":2.761,"status":200,"time":"2024-07-14T09:35:21.751818"}
{"level":"info","MSI":"","method":"GET","path":"/api/v1/layout/user","ip":"::1","latency":3.7702,"status":200,"time":"2024-07-14T09:35:21.751818"}
{"level":"info","MSI":"","method":"GET","path":"/api/v1/layout/rol","ip":"::1","latency":0.6298,"status":200,"time":"2024-07-14T09:35:21.752972"}
{"level":"info","MSI":"","method":"GET","path":"/api/v1/layout/stations","ip":"::1","latency":2.0442,"status":200,"time":"2024-07-14T09:35:21.753316"}
{"level":"info","MSI":"","method":"GET","path":"/api/v1/layout/unit","ip":"::1","latency":1.5904,"status":200,"time":"2024-07-14T09:35:21.757694"}
{"level":"info","MSI":"","method":"GET","path":"/api/v1/layout/user","ip":"::1","latency":3.6576,"status":200,"time":"2024-07-14T09:35:21.758753"}
{"level":"info","MSI":"","method":"GET","path":"/api/v1/layout/rol","ip":"::1","latency":0.5164,"status":200,"time":"2024-07-14T09:35:21.759269"}
{"level":"info","MSI":"","method":"GET","path":"/api/v1/layout/stations","ip":"::1","latency":1.6579,"status":200,"time":"2024-07-14T09:35:21.759884"}
{"level":"info","MSI":"","method":"GET","path":"/api/v1/layout/user","ip":"::1","latency":5.3378,"status":200,"time":"2024-07-14T09:36:06.475979"}
{"level":"info","MSI":"","method":"GET","path":"/api/v1/layout/rol","ip":"::1","latency":1.4976,"status":200,"time":"2024-07-14T09:36:06.476247"}
{"level":"info","MSI":"","method":"GET","path":"/api/v1/layout/unit","ip":"::1","latency":3.1875,"status":200,"time":"2024-07-14T09:36:06.476761"}
{"level":"info","MSI":"","method":"GET","path":"/api/v1/layout/stations","ip":"::1","latency":3.0733,"status":200,"time":"2024-07-14T09:36:06.477312"}
{"level":"info","MSI":"","method":"GET","path":"/api/v1/layout/user","ip":"::1","latency":2.9763,"status":200,"time":"2024-07-14T09:36:06.484063"}
{"level":"info","MSI":"","method":"GET","path":"/api/v1/layout/unit","ip":"::1","latency":1.1453,"status":200,"time":"2024-07-14T09:36:06.485731"}
{"level":"info","MSI":"","method":"GET","path":"/api/v1/layout/stations","ip":"::1","latency":2.2128,"status":200,"time":"2024-07-14T09:36:06.486799"}
{"level":"info","MSI":"","method":"GET","path":"/api/v1/layout/rol","ip":"::1","latency":2.2128,"status":200,"time":"2024-07-14T09:36:06.486799"}
{"level":"info","MSI":"","method":"GET","path":"/api/v1/layout/rol","ip":"::1","latency":1.2606,"status":200,"time":"2024-07-14T09:36:32.137377"}
{"level":"info","MSI":"","method":"GET","path":"/api/v1/layout/stations","ip":"::1","latency":1.8202,"status":200,"time":"2024-07-14T09:36:32.137937"}
{"level":"info","MSI":"","method":"GET","path":"/api/v1/layout/unit","ip":"::1","latency":2.3566,"status":200,"time":"2024-07-14T09:36:32.137937"}
{"level":"info","MSI":"","method":"GET","path":"/api/v1/layout/user","ip":"::1","latency":4.2495,"status":200,"time":"2024-07-14T09:36:32.138599"}
{"level":"info","MSI":"","method":"GET","path":"/api/v1/layout/unit","ip":"::1","latency":4.5407,"status":200,"time":"2024-07-14T09:36:32.143647"}
{"level":"info","MSI":"","method":"GET","path":"/api/v1/layout/rol","ip":"::1","latency":1.6424,"status":200,"time":"2024-07-14T09:36:32.151575"}
{"level":"info","MSI":"","method":"GET","path":"/api/v1/layout/user","ip":"::1","latency":6.3582,"status":200,"time":"2024-07-14T09:36:32.151575"}
{"level":"info","MSI":"","method":"GET","path":"/api/v1/layout/stations","ip":"::1","latency":2.1497,"status":200,"time":"2024-07-14T09:36:32.152082"}
{"level":"info","MSI":"","method":"GET","path":"/api/v1/layout/rol","ip":"::1","latency":4.5031,"status":200,"time":"2024-07-14T09:36:58.064113"}
{"level":"info","MSI":"","method":"GET","path":"/api/v1/layout/stations","ip":"::1","latency":3.2247,"status":200,"time":"2024-07-14T09:36:58.064113"}
{"level":"info","MSI":"","method":"GET","path":"/api/v1/layout/unit","ip":"::1","latency":5.5685,"status":200,"time":"2024-07-14T09:36:58.066964"}
{"level":"info","MSI":"","method":"GET","path":"/api/v1/layout/user","ip":"::1","latency":6.1463,"status":200,"time":"2024-07-14T09:36:58.067541"}
{"level":"info","MSI":"","method":"GET","path":"/api/v1/layout/rol","ip":"::1","latency":1.6531,"status":200,"time":"2024-07-14T09:36:58.069195"}
{"level":"info","MSI":"","method":"GET","path":"/api/v1/layout/unit","ip":"::1","latency":1.6547,"status":200,"time":"2024-07-14T09:36:58.069702"}
{"level":"info","MSI":"","method":"GET","path":"/api/v1/layout/stations","ip":"::1","latency":2.1603,"status":200,"time":"2024-07-14T09:36:58.069702"}
{"level":"info","MSI":"","method":"GET","path":"/api/v1/layout/user","ip":"::1","latency":3.377,"status":200,"time":"2024-07-14T09:36:58.073079"}
{"level":"info","MSI":"","method":"GET","path":"/api/v1/layout/user","ip":"::1","latency":2.866,"status":200,"time":"2024-07-14T09:37:28.109601"}
{"level":"info","MSI":"","method":"GET","path":"/api/v1/layout/unit","ip":"::1","latency":3.7046,"status":200,"time":"2024-07-14T09:37:28.110661"}
{"level":"info","MSI":"","method":"GET","path":"/api/v1/layout/stations","ip":"::1","latency":3.1974,"status":200,"time":"2024-07-14T09:37:28.110661"}
{"level":"info","MSI":"","method":"GET","path":"/api/v1/layout/rol","ip":"::1","latency":3.1959,"status":200,"time":"2024-07-14T09:37:28.111259"}
{"level":"info","MSI":"","method":"GET","path":"/api/v1/layout/stations","ip":"::1","latency":2.638,"status":200,"time":"2024-07-14T09:37:28.11569"}
{"level":"info","MSI":"","method":"GET","path":"/api/v1/layout/user","ip":"::1","latency":5.0296,"status":200,"time":"2024-07-14T09:37:28.11569"}
{"level":"info","MSI":"","method":"GET","path":"/api/v1/layout/rol","ip":"::1","latency":1.2239,"status":200,"time":"2024-07-14T09:37:28.116198"}
{"level":"info","MSI":"","method":"GET","path":"/api/v1/layout/unit","ip":"::1","latency":3.1458,"status":200,"time":"2024-07-14T09:37:28.116198"}
{"level":"info","MSI":"","method":"POST","path":"/api/v1/auth/login","ip":"::1","latency":38.1302,"status":400,"time":"2024-07-14T09:39:47.084336"}
{"level":"info","MSI":"","method":"POST","path":"/api/v1/auth/login","ip":"::1","latency":69.3115,"status":400,"time":"2024-07-14T09:57:51.615389"}
{"level":"info","MSI":"","method":"GET","path":"/api/v1/layout/rol","ip":"::1","latency":62.594,"status":200,"time":"2024-07-14T10:14:21.464887"}
{"level":"info","MSI":"","method":"GET","path":"/api/v1/layout/unit","ip":"::1","latency":64.7078,"status":200,"time":"2024-07-14T10:14:21.465332"}
{"level":"info","MSI":"","method":"GET","path":"/api/v1/layout/stations","ip":"::1","latency":63.6465,"status":200,"time":"2024-07-14T10:14:21.465332"}
{"level":"info","MSI":"","method":"GET","path":"/api/v1/layout/rol","ip":"::1","latency":0.8183,"status":200,"time":"2024-07-14T10:14:21.467856"}
{"level":"info","MSI":"","method":"GET","path":"/api/v1/layout/stations","ip":"::1","latency":1.4533,"status":200,"time":"2024-07-14T10:14:21.468804"}
{"level":"info","MSI":"","method":"GET","path":"/api/v1/layout/unit","ip":"::1","latency":1.4533,"status":200,"time":"2024-07-14T10:14:21.468804"}
{"level":"info","MSI":"","method":"GET","path":"/api/v1/layout/user","ip":"::1","latency":77.4381,"status":200,"time":"2024-07-14T10:14:21.477028"}
{"level":"info","MSI":"","method":"GET","path":"/api/v1/layout/user","ip":"::1","latency":2.464,"status":200,"time":"2024-07-14T10:14:21.480016"}
